<?xml version="1.0" encoding="UTF-8"?>
<!-- Generated by org.testng.reporters.JUnitXMLReporter -->
<testsuite hostname="CBT-004" name="Test" tests="1" failures="1" timestamp="6 Aug 2016 10:22:57 GMT" time="29.119" errors="0">
  <testcase name="login" time="29.102" classname="qsp.Jenkins">
    <failure type="org.openqa.selenium.WebDriverException" message="Failed to decode response from marionette (WARNING: The server did not provide any stacktrace information)
Command duration or timeout: 21.74 seconds
Build info: version: &amp;apos;3.0.0-beta1&amp;apos;, revision: &amp;apos;8e4315c&amp;apos;, time: &amp;apos;2016-07-28 18:04:05 -0700&amp;apos;
System info: host: &amp;apos;CBT-004&amp;apos;, ip: &amp;apos;10.10.4.96&amp;apos;, os.name: &amp;apos;Windows 8.1&amp;apos;, os.arch: &amp;apos;amd64&amp;apos;, os.version: &amp;apos;6.3&amp;apos;, java.version: &amp;apos;1.8.0_73&amp;apos;
Driver info: org.openqa.selenium.firefox.FirefoxDriver
Capabilities [{rotatable=false, raisesAccessibilityExceptions=false, appBuildId=20160502172042, version=, platform=XP, proxy={}, specificationLevel=1, acceptSslCerts=false, browserVersion=46.0.1, platformVersion=6.3, XULappId={ec8030f7-c20a-464f-9b0e-13a3a9e97384}, browserName=Firefox, takesScreenshot=true, takesElementScreenshot=true, platformName=Windows_NT, device=desktop}]
Session ID: f3c3cdad-c5ac-4d65-8e2b-35a580da09ae">
      <![CDATA[org.openqa.selenium.WebDriverException: Failed to decode response from marionette (WARNING: The server did not provide any stacktrace information)
Command duration or timeout: 21.74 seconds
Build info: version: '3.0.0-beta1', revision: '8e4315c', time: '2016-07-28 18:04:05 -0700'
System info: host: 'CBT-004', ip: '10.10.4.96', os.name: 'Windows 8.1', os.arch: 'amd64', os.version: '6.3', java.version: '1.8.0_73'
Driver info: org.openqa.selenium.firefox.FirefoxDriver
Capabilities [{rotatable=false, raisesAccessibilityExceptions=false, appBuildId=20160502172042, version=, platform=XP, proxy={}, specificationLevel=1, acceptSslCerts=false, browserVersion=46.0.1, platformVersion=6.3, XULappId={ec8030f7-c20a-464f-9b0e-13a3a9e97384}, browserName=Firefox, takesScreenshot=true, takesElementScreenshot=true, platformName=Windows_NT, device=desktop}]
Session ID: f3c3cdad-c5ac-4d65-8e2b-35a580da09ae
	at org.openqa.selenium.remote.ErrorHandler.createThrowable(ErrorHandler.java:206)
	at org.openqa.selenium.remote.ErrorHandler.throwIfResponseFailed(ErrorHandler.java:158)
	at org.openqa.selenium.remote.RemoteWebDriver.execute(RemoteWebDriver.java:683)
	at org.openqa.selenium.remote.RemoteWebDriver.get(RemoteWebDriver.java:331)
	at qsp.Jenkins.login(Jenkins.java:13)
... Removed 27 stack frames]]>
    </failure>
  </testcase> <!-- login -->
</testsuite> <!-- Test -->
